Base path: /Applications/Unity/Unity.app/Contents
Pipe name: \\.\pipe\UnityShaderCompiler-1--1600888364
Cmd: getPlatforms
Cmd: preprocess
  insize=447 outsize=447 ok=1
Cmd: preprocess
  insize=1048 outsize=887 ok=1
Cmd: compileSnippet
  api=0 type=0 insize=4871 outsize=919 kw=DIRECTIONAL SHADOWS_OFF LIGHTMAP_OFF DIRLIGHTMAP_OFF ok=1
Cmd: compileSnippet
  api=0 type=1 insize=4871 outsize=445 kw=DIRECTIONAL SHADOWS_OFF LIGHTMAP_OFF DIRLIGHTMAP_OFF ok=1
Cmd: compileSnippet
  api=0 type=0 insize=2847 outsize=817 kw=POINT ok=1
Cmd: compileSnippet
  api=0 type=1 insize=2847 outsize=666 kw=POINT ok=1
Cmd: preprocess
  insize=1576 outsize=991 ok=1
Cmd: compileSnippet
  api=0 type=0 insize=867 outsize=635 kw= ok=1
Cmd: compileSnippet
  api=0 type=1 insize=867 outsize=84 kw= ok=1
Cmd: compileSnippet
  api=0 type=0 insize=834 outsize=635 kw= ok=1
Cmd: preprocess
  insize=1500 outsize=667 ok=1
Cmd: compileSnippet
  api=0 type=0 insize=1135 outsize=547 kw= ok=1
Cmd: compileSnippet
  api=0 type=1 insize=1135 outsize=333 kw= ok=1
Cmd: compileSnippet
  api=0 type=0 insize=4871 outsize=1034 kw=DIRECTIONAL SHADOWS_SCREEN LIGHTMAP_OFF DIRLIGHTMAP_OFF ok=1
Cmd: compileSnippet
  api=0 type=1 insize=4871 outsize=535 kw=DIRECTIONAL SHADOWS_SCREEN LIGHTMAP_OFF DIRLIGHTMAP_OFF ok=1
Cmd: compileSnippet
  api=0 type=0 insize=2847 outsize=854 kw=SPOT ok=1
Cmd: compileSnippet
  api=0 type=1 insize=2847 outsize=864 kw=SPOT ok=1
Cmd: compileSnippet
  api=0 type=0 insize=2693 outsize=894 kw=SPOT ok=1
Cmd: compileSnippet
  api=0 type=1 insize=2693 outsize=1146 kw=SPOT ok=1
Cmd: compileSnippet
  api=0 type=0 insize=3020 outsize=1422 kw=SPOT ok=1
Cmd: compileSnippet
  api=0 type=1 insize=3020 outsize=1288 kw=SPOT ok=1
Cmd: compileSnippet
  api=0 type=0 insize=2847 outsize=560 kw=DIRECTIONAL ok=1
Cmd: compileSnippet
  api=0 type=1 insize=2847 outsize=428 kw=DIRECTIONAL ok=1
